Original name: HelloSpanish.txt
Current path: /home/opalencia/bash/CreateAudios
Your file has something: Hola mundo, el texto a voz es genial, cuide sus ojos escuchando en lugar de leer.
Model chosen: tts_models/es/mai/tacotron2-DDC
Vocoder chosen: vocoder_models/universal/libri-tts/fullband-melgan
 > tts_models/es/mai/tacotron2-DDC is already downloaded.
 > vocoder_models/universal/libri-tts/fullband-melgan is already downloaded.
 > Using model: Tacotron2
 > Vocoder Model: fullband_melgan
 > Generator Model: fullband_melgan_generator
 > Discriminator Model: melgan_multiscale_discriminator
 > Text: Hola mundo, el texto a voz es genial, cuide sus ojos escuchando en lugar de leer.
 > Text splitted to sentences.
['Hola mundo, el texto a voz es genial, cuide sus ojos escuchando en lugar de leer.']
 > Phonemes: o|l|a| m|u|n|d|o| ,| e|l| t|e|k|s|t|o| a| b|o|θ| e|s| x|e|n|j|a|l| ,| k|w|i|ð|e| s|u|s| o|x|o|s| e|s|k|u|tʃ|a|n|d|o| e|n| l|u|ɣ|a|ɾ| d|e| l|e|e|ɾ| .
 > interpolating tts model output.
 > before interpolation : (80, 317)
 > after interpolation : torch.Size([1, 80, 475])
 > Processing time: 6.191369295120239
 > Real-time factor: 0.7469380257112124
 > Saving output to /home/opalencia/bash/CreateAudios/audios/es/HelloSpanish/1HelloSpanish.wav
This script stopped in exit: 0
